mode: set
learnGo/integers/adder.go:4.24,6.2 1 1
learnGo/iteration/repeat.go:8.46,10.31 2 1
learnGo/iteration/repeat.go:13.2,13.17 1 1
learnGo/iteration/repeat.go:10.31,12.3 1 1
learnGo/iteration/repeat.go:16.21,19.32 3 1
learnGo/iteration/repeat.go:27.2,27.18 1 1
learnGo/iteration/repeat.go:19.32,23.56 4 1
learnGo/iteration/repeat.go:23.56,25.4 1 1
learnGo/arrays_and_slices/sum.go:3.29,5.33 2 1
learnGo/arrays_and_slices/sum.go:8.2,8.12 1 1
learnGo/arrays_and_slices/sum.go:5.33,7.3 1 1
learnGo/arrays_and_slices/sum.go:11.49,12.39 1 1
learnGo/arrays_and_slices/sum.go:15.2,15.8 1 1
learnGo/arrays_and_slices/sum.go:12.39,14.3 1 1
learnGo/arrays_and_slices/sum.go:18.47,20.39 2 1
learnGo/arrays_and_slices/sum.go:28.2,28.13 1 1
learnGo/arrays_and_slices/sum.go:20.39,21.24 1 1
learnGo/arrays_and_slices/sum.go:21.24,23.4 1 1
learnGo/arrays_and_slices/sum.go:23.9,26.4 2 1
learnGo/concurrency/checker.go:9.70,13.27 3 1
learnGo/concurrency/checker.go:20.2,20.33 1 1
learnGo/concurrency/checker.go:26.2,26.16 1 1
learnGo/concurrency/checker.go:13.27,14.21 1 1
learnGo/concurrency/checker.go:14.21,17.4 1 1
learnGo/concurrency/checker.go:20.33,24.3 2 1
learnGo/helloWorld/hello.go:13.49,14.16 1 1
learnGo/helloWorld/hello.go:17.2,17.40 1 1
learnGo/helloWorld/hello.go:14.16,16.3 1 1
learnGo/helloWorld/hello.go:20.54,21.18 1 1
learnGo/helloWorld/hello.go:29.2,29.8 1 1
learnGo/helloWorld/hello.go:22.14,23.29 1 1
learnGo/helloWorld/hello.go:24.15,25.30 1 1
learnGo/helloWorld/hello.go:26.10,27.30 1 1
learnGo/helloWorld/hello.go:32.13,34.2 1 0
learnGo/clockface/clockface.go:30.36,36.2 5 1
learnGo/clockface/clockface.go:38.42,45.2 6 1
learnGo/clockface/clockface.go:47.43,50.2 2 1
learnGo/clockface/clockface.go:52.43,55.2 2 1
learnGo/clockface/clockface.go:57.41,60.2 2 1
learnGo/clockface/clockface.go:62.46,66.2 3 1
learnGo/clockface/clockface.go:68.44,70.2 1 1
learnGo/clockface/clockface.go:72.44,74.2 1 1
learnGo/clockface/clockface.go:76.42,78.2 1 1
learnGo/clockface/clockface.go:80.41,82.2 1 1
learnGo/clockface/clockface.go:84.41,86.2 1 1
learnGo/clockface/clockface.go:88.39,90.2 1 1
learnGo/clockface/clockface.go:92.40,97.2 3 1
learnGo/maps/dictionary.go:13.39,15.2 1 0
learnGo/maps/dictionary.go:17.57,19.9 2 1
learnGo/maps/dictionary.go:22.2,22.24 1 1
learnGo/maps/dictionary.go:19.9,21.3 1 1
learnGo/maps/dictionary.go:25.56,28.13 2 1
learnGo/maps/dictionary.go:36.2,36.12 1 1
learnGo/maps/dictionary.go:29.19,30.23 1 1
learnGo/maps/dictionary.go:31.11,32.23 1 1
learnGo/maps/dictionary.go:33.10,34.13 1 0
learnGo/maps/dictionary.go:39.59,42.13 2 1
learnGo/maps/dictionary.go:50.2,50.12 1 1
learnGo/maps/dictionary.go:43.19,44.29 1 1
learnGo/maps/dictionary.go:45.11,46.23 1 1
learnGo/maps/dictionary.go:47.10,48.13 1 0
learnGo/maps/dictionary.go:53.41,55.2 1 1
learnGo/mocking/countdown.go:19.34,21.2 1 0
learnGo/mocking/countdown.go:28.39,30.2 1 1
learnGo/mocking/countdown.go:32.48,33.38 1 1
learnGo/mocking/countdown.go:37.2,37.28 1 1
learnGo/mocking/countdown.go:33.38,36.3 2 1
learnGo/mocking/countdown.go:40.13,43.2 2 0
learnGo/dependency_injection/di.go:10.43,12.2 1 1
learnGo/dependency_injection/di.go:14.63,16.2 1 0
learnGo/dependency_injection/di.go:18.13,20.2 1 0
learnGo/context-chapter/server.go:13.43,14.54 1 1
learnGo/context-chapter/server.go:14.54,17.17 2 1
learnGo/context-chapter/server.go:20.3,20.22 1 1
learnGo/context-chapter/server.go:17.17,19.4 1 1
learnGo/pointers_and_errors/wallet.go:14.34,16.2 1 0
learnGo/pointers_and_errors/wallet.go:22.42,24.2 1 1
learnGo/pointers_and_errors/wallet.go:26.36,28.2 1 1
learnGo/pointers_and_errors/wallet.go:32.49,33.24 1 1
learnGo/pointers_and_errors/wallet.go:36.2,37.12 2 1
learnGo/pointers_and_errors/wallet.go:33.24,35.3 1 1
learnGo/property_tests/roman.go:30.56,32.22 2 1
learnGo/property_tests/roman.go:37.2,37.10 1 0
learnGo/property_tests/roman.go:32.22,33.25 1 1
learnGo/property_tests/roman.go:33.25,35.4 1 1
learnGo/property_tests/roman.go:40.53,42.22 2 1
learnGo/property_tests/roman.go:47.2,47.14 1 1
learnGo/property_tests/roman.go:42.22,43.25 1 1
learnGo/property_tests/roman.go:43.25,45.4 1 1
learnGo/property_tests/roman.go:52.53,53.30 1 1
learnGo/property_tests/roman.go:64.2,64.8 1 1
learnGo/property_tests/roman.go:53.30,57.83 3 1
learnGo/property_tests/roman.go:57.83,60.4 2 1
learnGo/property_tests/roman.go:60.9,62.4 1 1
learnGo/property_tests/roman.go:67.43,71.43 2 1
learnGo/property_tests/roman.go:78.2,78.24 1 1
learnGo/property_tests/roman.go:71.43,72.31 1 1
learnGo/property_tests/roman.go:72.31,75.4 2 1
learnGo/property_tests/roman.go:81.51,82.57 1 1
learnGo/property_tests/roman.go:85.2,85.8 1 1
learnGo/property_tests/roman.go:82.57,84.3 1 1
learnGo/property_tests/roman.go:88.39,90.2 1 1
learnGo/reflection/reflection.go:5.41,8.41 2 1
learnGo/reflection/reflection.go:12.2,12.20 1 1
learnGo/reflection/reflection.go:8.41,10.3 1 1
learnGo/reflection/reflection.go:13.22,14.19 1 1
learnGo/reflection/reflection.go:15.22,16.39 1 1
learnGo/reflection/reflection.go:19.36,20.34 1 1
learnGo/reflection/reflection.go:23.19,24.37 1 1
learnGo/reflection/reflection.go:27.20,28.51 1 1
learnGo/reflection/reflection.go:31.20,33.35 2 1
learnGo/reflection/reflection.go:16.39,18.4 1 1
learnGo/reflection/reflection.go:20.34,22.4 1 1
learnGo/reflection/reflection.go:24.37,26.4 1 1
learnGo/reflection/reflection.go:28.51,30.4 1 1
learnGo/reflection/reflection.go:33.35,35.4 1 1
learnGo/reflection/reflection.go:39.36,42.31 2 1
learnGo/reflection/reflection.go:45.2,45.12 1 1
learnGo/reflection/reflection.go:42.31,44.3 1 1
learnGo/select/racer.go:11.54,13.2 1 1
learnGo/select/racer.go:15.89,16.9 1 1
learnGo/select/racer.go:17.17,18.16 1 0
learnGo/select/racer.go:19.17,20.16 1 1
learnGo/select/racer.go:21.29,22.65 1 1
learnGo/select/racer.go:26.37,28.12 2 1
learnGo/select/racer.go:32.2,32.11 1 1
learnGo/select/racer.go:28.12,31.3 2 1
learnGo/structs/shapes.go:14.35,16.2 1 1
learnGo/structs/shapes.go:22.32,24.2 1 1
learnGo/structs/shapes.go:31.34,33.2 1 1
learnGo/structs/shapes.go:35.45,37.2 1 1
learnGo/sync-chapter/counter.go:10.25,14.2 3 1
learnGo/sync-chapter/counter.go:16.31,18.2 1 1
learnGo/sync-chapter/counter.go:20.28,22.2 1 1
